[17:09:14] page=admin.php | session_id=A001 | users_count=11 | TROUVE=OUI statut='actif'
[17:10:03] page=connexion.php | session_id=A001 | users_count=11 | TROUVE=OUI statut='actif'
[17:10:03] page=admin.php | session_id=A001 | users_count=11 | TROUVE=OUI statut='actif'
[17:10:09] page=logout.php | session_id=A001 | users_count=11 | TROUVE=OUI statut='actif'
[17:10:26] page=admin.php | session_id=A001 | users_count=11 | TROUVE=OUI statut='actif'
[17:10:32] page=admin.php | session_id=A001 | users_count=11 | TROUVE=OUI statut='actif'
[17:14:04] page=connexion.php | session_id=A001 | users_count=11 | TROUVE=OUI statut='actif'
[17:14:05] page=admin.php | session_id=A001 | users_count=11 | TROUVE=OUI statut='actif'
[17:14:07] page=logout.php | session_id=A001 | users_count=11 | TROUVE=OUI statut='actif'
[17:14:37] page=admin.php | session_id=A001 | users_count=11 | TROUVE=OUI statut='actif'
[17:14:42] page=maj_utiilisateur.php | session_id=A001 | users_count=11 | TROUVE=OUI statut='actif'
[17:14:44] page=connexion.php | session_id=A001 | users_count=11 | TROUVE=OUI statut='actif'
[17:14:44] page=admin.php | session_id=A001 | users_count=11 | TROUVE=OUI statut='actif'
[17:14:46] page=logout.php | session_id=A001 | users_count=11 | TROUVE=OUI statut='actif'
[17:14:53] page=index.php | session_id=U8751683714 | users_count=11 | TROUVE=OUI statut='actif'
[17:14:57] page=panier.php | session_id=U8751683714 | users_count=11 | TROUVE=OUI statut='actif'
[17:15:00] page=produit.php | session_id=U8751683714 | users_count=11 | TROUVE=OUI statut='actif'
[17:15:03] page=produit.php | session_id=U8751683714 | users_count=11 | TROUVE=OUI statut='actif'
[17:15:09] page=produit.php | session_id=U8751683714 | users_count=11 | TROUVE=OUI statut='actif'
[17:15:21] page=ajouter_panier.php | session_id=U8751683714 | users_count=11 | TROUVE=OUI statut='actif'
[17:15:21] page=produit.php | session_id=U8751683714 | users_count=11 | TROUVE=OUI statut='actif'
[17:15:24] page=panier.php | session_id=U8751683714 | users_count=11 | TROUVE=OUI statut='actif'
[17:15:31] page=commander.php | session_id=U8751683714 | users_count=11 | TROUVE=OUI statut='actif'
[17:15:31] page=panier.php | session_id=U8751683714 | users_count=11 | TROUVE=OUI statut='actif'
[17:15:40] page=panier.php | session_id=U8751683714 | users_count=11 | TROUVE=OUI statut='actif'
[17:15:41] page=panier.php | session_id=U8751683714 | users_count=11 | TROUVE=OUI statut='actif'
[17:15:49] page=profil.php | session_id=U8751683714 | users_count=11 | TROUVE=OUI statut='actif'
[17:16:23] page=logout.php | session_id=U8751683714 | users_count=11 | TROUVE=OUI statut='actif'
[17:19:35] page=commandes.php | session_id=R001 | users_count=11 | TROUVE=OUI statut='actif'
[17:21:56] page=logout.php | session_id=R001 | users_count=11 | TROUVE=OUI statut='actif'
[17:22:16] page=index.php | session_id=U8751683714 | users_count=11 | TROUVE=OUI statut='actif'
[17:22:36] page=admin.php | session_id=A001 | users_count=11 | TROUVE=OUI statut='actif'
[17:22:46] page=maj_utiilisateur.php | session_id=A001 | users_count=11 | TROUVE=OUI statut='actif'
[17:22:51] page=produit.php | session_id=U8751683714 | users_count=11 | TROUVE=OUI statut='bloque'
    --> DECONNEXION DECLENCHEE
[17:22:59] page=maj_utiilisateur.php | session_id=A001 | users_count=11 | TROUVE=OUI statut='actif'
[17:23:01] page=maj_utiilisateur.php | session_id=A001 | users_count=11 | TROUVE=OUI statut='actif'
[17:23:23] page=maj_utiilisateur.php | session_id=A001 | users_count=11 | TROUVE=OUI statut='actif'
[17:23:28] page=index.php | session_id=U8751683714 | users_count=11 | TROUVE=OUI statut='actif'
[17:23:32] page=maj_utiilisateur.php | session_id=A001 | users_count=11 | TROUVE=OUI statut='actif'
[17:23:34] page=produit.php | session_id=U8751683714 | users_count=11 | TROUVE=OUI statut='bloque'
    --> DECONNEXION DECLENCHEE
[17:29:59] page=admin.php | session_id=A001 | users_count=11 | TROUVE=OUI statut='actif'
[17:30:43] page=maj_utiilisateur.php | session_id=A001 | users_count=11 | TROUVE=OUI statut='actif'
[17:30:50] page=index.php | session_id=U8751683714 | users_count=11 | TROUVE=OUI statut='actif'
[17:31:03] page=logout.php | session_id=U8751683714 | users_count=11 | TROUVE=OUI statut='actif'
[17:01:33] page=admin.php | session_id=A001 | users_count=11 | TROUVE=OUI statut='actif'
[17:01:36] page=admin.php | session_id=A001 | users_count=11 | TROUVE=OUI statut='actif'
